[debug] [2026-02-26T05:53:36.789Z] ----------------------------------------------------------------------
[debug] [2026-02-26T05:53:36.791Z] Command:       C:\Program Files\nodejs\node.exe C:\Users\Daresh G\AppData\Roaming\npm\node_modules\firebase-tools\lib\bin\firebase.js deploy --only functions
[debug] [2026-02-26T05:53:36.791Z] CLI Version:   15.6.0
[debug] [2026-02-26T05:53:36.792Z] Platform:      win32
[debug] [2026-02-26T05:53:36.792Z] Node Version:  v24.13.1
[debug] [2026-02-26T05:53:36.792Z] Time:          Thu Feb 26 2026 11:23:36 GMT+0530 (India Standard Time)
[debug] [2026-02-26T05:53:36.792Z] ----------------------------------------------------------------------
[debug] 
[debug] [2026-02-26T05:53:38.703Z] > command requires scopes: ["email","openid","https://www.googleapis.com/auth/cloudplatformprojects.readonly","https://www.googleapis.com/auth/firebase","https://www.googleapis.com/auth/cloud-platform"]
[debug] [2026-02-26T05:53:38.703Z] > authorizing via signed-in user (daresh1911g@gmail.com)
[debug] [2026-02-26T05:53:38.703Z] [iam] checking project ritians-transport for permissions ["cloudfunctions.functions.create","cloudfunctions.functions.delete","cloudfunctions.functions.get","cloudfunctions.functions.list","cloudfunctions.functions.update","cloudfunctions.operations.get","firebase.projects.get"]
[debug] [2026-02-26T05:53:38.704Z] Checked if tokens are valid: true, expires at: 1772088733893
[debug] [2026-02-26T05:53:38.704Z] Checked if tokens are valid: true, expires at: 1772088733893
[debug] [2026-02-26T05:53:38.705Z] >>> [apiv2][query] POST https://cloudresourcemanager.googleapis.com/v1/projects/ritians-transport:testIamPermissions [none]
[debug] [2026-02-26T05:53:38.705Z] >>> [apiv2][(partial)header] POST https://cloudresourcemanager.googleapis.com/v1/projects/ritians-transport:testIamPermissions  x-goog-user-project=ritians-transport
[debug] [2026-02-26T05:53:38.705Z] >>> [apiv2][body] POST https://cloudresourcemanager.googleapis.com/v1/projects/ritians-transport:testIamPermissions {"permissions":["cloudfunctions.functions.create","cloudfunctions.functions.delete","cloudfunctions.functions.get","cloudfunctions.functions.list","cloudfunctions.functions.update","cloudfunctions.operations.get","firebase.projects.get"]}
[debug] [2026-02-26T05:53:40.291Z] <<< [apiv2][status] POST https://cloudresourcemanager.googleapis.com/v1/projects/ritians-transport:testIamPermissions 200
[debug] [2026-02-26T05:53:40.291Z] <<< [apiv2][body] POST https://cloudresourcemanager.googleapis.com/v1/projects/ritians-transport:testIamPermissions {"permissions":["cloudfunctions.functions.create","cloudfunctions.functions.delete","cloudfunctions.functions.get","cloudfunctions.functions.list","cloudfunctions.functions.update","cloudfunctions.operations.get","firebase.projects.get"]}
[debug] [2026-02-26T05:53:40.291Z] Checked if tokens are valid: true, expires at: 1772088733893
[debug] [2026-02-26T05:53:40.291Z] Checked if tokens are valid: true, expires at: 1772088733893
[debug] [2026-02-26T05:53:40.291Z] >>> [apiv2][query] POST https://iam.googleapis.com/v1/projects/ritians-transport/serviceAccounts/ritians-transport@appspot.gserviceaccount.com:testIamPermissions [none]
[debug] [2026-02-26T05:53:40.292Z] >>> [apiv2][body] POST https://iam.googleapis.com/v1/projects/ritians-transport/serviceAccounts/ritians-transport@appspot.gserviceaccount.com:testIamPermissions {"permissions":["iam.serviceAccounts.actAs"]}
[debug] [2026-02-26T05:53:41.132Z] <<< [apiv2][status] POST https://iam.googleapis.com/v1/projects/ritians-transport/serviceAccounts/ritians-transport@appspot.gserviceaccount.com:testIamPermissions 200
[debug] [2026-02-26T05:53:41.132Z] <<< [apiv2][body] POST https://iam.googleapis.com/v1/projects/ritians-transport/serviceAccounts/ritians-transport@appspot.gserviceaccount.com:testIamPermissions {"permissions":["iam.serviceAccounts.actAs"]}
[info] 
[info] === Deploying to 'ritians-transport'...
[info] 
[info] i  deploying functions 
[debug] [2026-02-26T05:53:41.135Z] Checked if tokens are valid: true, expires at: 1772088733893
[debug] [2026-02-26T05:53:41.135Z] Checked if tokens are valid: true, expires at: 1772088733893
[debug] [2026-02-26T05:53:41.135Z] >>> [apiv2][query] GET https://cloudresourcemanager.googleapis.com/v1/projects/ritians-transport [none]
[debug] [2026-02-26T05:53:41.439Z] <<< [apiv2][status] GET https://cloudresourcemanager.googleapis.com/v1/projects/ritians-transport 200
[debug] [2026-02-26T05:53:41.439Z] <<< [apiv2][body] GET https://cloudresourcemanager.googleapis.com/v1/projects/ritians-transport {"projectNumber":"1021044694281","projectId":"ritians-transport","lifecycleState":"ACTIVE","name":"RITIANS-TRANSPORT","labels":{"firebase":"enabled","firebase-core":"disabled"},"createTime":"2026-02-17T02:16:11.957817Z"}
[info] i  functions: preparing codebase default for deployment 
[info] i  functions: ensuring required API cloudfunctions.googleapis.com is enabled... 
[info] i  functions: ensuring required API cloudbuild.googleapis.com is enabled... 
[debug] [2026-02-26T05:53:41.441Z] Checked if tokens are valid: true, expires at: 1772088733893
[debug] [2026-02-26T05:53:41.441Z] Checked if tokens are valid: true, expires at: 1772088733893
[info] i  artifactregistry: ensuring required API artifactregistry.googleapis.com is enabled... 
[debug] [2026-02-26T05:53:41.445Z] Checked if tokens are valid: true, expires at: 1772088733893
[debug] [2026-02-26T05:53:41.445Z] Checked if tokens are valid: true, expires at: 1772088733893
[debug] [2026-02-26T05:53:41.445Z] >>> [apiv2][query] GET https://serviceusage.googleapis.com/v1/projects/ritians-transport/services/cloudbuild.googleapis.com [none]
[debug] [2026-02-26T05:53:41.445Z] >>> [apiv2][(partial)header] GET https://serviceusage.googleapis.com/v1/projects/ritians-transport/services/cloudbuild.googleapis.com  x-goog-user-project=ritians-transport
[debug] [2026-02-26T05:53:41.447Z] >>> [apiv2][query] GET https://serviceusage.googleapis.com/v1/projects/ritians-transport/services/artifactregistry.googleapis.com [none]
[debug] [2026-02-26T05:53:41.447Z] >>> [apiv2][(partial)header] GET https://serviceusage.googleapis.com/v1/projects/ritians-transport/services/artifactregistry.googleapis.com  x-goog-user-project=ritians-transport
